#
# There is insufficient memory for the Java Runtime Environment to continue.
# Native memory allocation (mmap) failed to map 268435456 bytes for Failed to commit area from 0x0000000701400000 to 0x0000000711400000 of length 268435456.
# Possible reasons:
#   The system is out of physical RAM or swap space
#   The process is running with CompressedOops enabled, and the Java Heap may be blocking the growth of the native heap
# Possible solutions:
#   Reduce memory load on the system
#   Increase physical memory or swap space
#   Check if swap backing store is full
#   Decrease Java heap size (-Xmx/-Xms)
#   Decrease number of Java threads
#   Decrease Java thread stack sizes (-Xss)
#   Set larger code cache with -XX:ReservedCodeCacheSize=
# This output file may be truncated or incomplete.
#
#  Out of Memory Error (./src/hotspot/os/windows/os_windows.cpp:3511), pid=132984, tid=149580
#
# JRE version:  (11.0.11+9) (build )
# Java VM: OpenJDK 64-Bit Server VM (11.0.11+9-b1504.13, mixed mode, sharing, tiered, compressed oops, g1 gc, windows-amd64)
# No core dump will be written. Minidumps are not enabled by default on client versions of Windows
#

---------------  S U M M A R Y ------------

Command Line: git4idea.http.GitAskPassApp Username for 'https://e.coding.net': 

Host: Intel(R) Core(TM) i7-10700KF CPU @ 3.80GHz, 16 cores, 15G,  Windows 10 , 64 bit Build 19041 (10.0.19041.2364)
Time: Tue Jan  3 09:56:47 2023 中国标准时间 elapsed time: 0.009581 seconds (0d 0h 0m 0s)

---------------  T H R E A D  ---------------

Current thread (0x0000019999e7c000):  JavaThread "Unknown thread" [_thread_in_vm, id=149580, stack(0x0000001cb9900000,0x0000001cb9a00000)]

Stack: [0x0000001cb9900000,0x0000001cb9a00000]
Native frames: (J=compiled Java code, j=interpreted, Vv=VM code, C=native code)
V  [jvm.dll+0x5f5d5a]
V  [jvm.dll+0x7798b5]
V  [jvm.dll+0x77aecd]
V  [jvm.dll+0x77b583]
V  [jvm.dll+0x244978]
V  [jvm.dll+0x5f3174]
V  [jvm.dll+0x5e7d55]
V  [jvm.dll+0x30068b]
V  [jvm.dll+0x3005fa]
V  [jvm.dll+0x3004d2]
V  [jvm.dll+0x3053c6]
V  [jvm.dll+0x34e0a3]
V  [jvm.dll+0x34e7a6]
V  [jvm.dll+0x34e1a3]
V  [jvm.dll+0x2db0c8]
V  [jvm.dll+0x2dc267]
V  [jvm.dll+0x758057]
V  [jvm.dll+0x75984c]
V  [jvm.dll+0x35b659]
V  [jvm.dll+0x73b67e]
V  [jvm.dll+0x3c39f3]
V  [jvm.dll+0x3c5dd1]
C  [jli.dll+0x5373]
C  [ucrtbase.dll+0x21bb2]
C  [KERNEL32.DLL+0x17614]
C  [ntdll.dll+0x526a1]


---------------  P R O C E S S  ---------------

Threads class SMR info:
_java_thread_list=0x00000199983f02a0, length=0, elements={
}

Java Threads: ( => current thread )

Other Threads:
  0x0000019999e94000 GCTaskThread "GC Thread#0" [stack: 0x0000001cb9a00000,0x0000001cb9b00000] [id=117368]
  0x0000019999ef5800 ConcurrentGCThread "G1 Main Marker" [stack: 0x0000001cb9b00000,0x0000001cb9c00000] [id=155388]
  0x0000019999ef7800 ConcurrentGCThread "G1 Conc#0" [stack: 0x0000001cb9c00000,0x0000001cb9d00000] [id=149488]

[error occurred during error reporting (printing all threads), id 0xc0000005, EXCEPTION_ACCESS_VIOLATION (0xc0000005) at pc=0x00007ffe201cb8f7]

VM state:not at safepoint (not fully initialized)

VM Mutex/Monitor currently owned by a thread:  ([mutex/lock_event])
[0x0000019999e78710] Heap_lock - owner thread: 0x0000019999e7c000

Heap address: 0x0000000701400000, size: 4076 MB, Compressed Oops mode: Non-zero based: 0x0000000701400000
Narrow klass base: 0x0000000000000000, Narrow klass shift: 0

GC Heap History (0 events):
No events

Deoptimization events (0 events):
No events

Classes redefined (0 events):
No events

Internal exceptions (0 events):
No events

Events (1 events):
Event: 0.006 Loaded shared library D:\WebStorm 2021.2\jbr\bin\zip.dll


Dynamic libraries:
0x00007ff746c70000 - 0x00007ff746c7a000 	D:\WebStorm 2021.2\jbr\bin\java.exe
0x00007ffe655f0000 - 0x00007ffe657e8000 	C:\WINDOWS\SYSTEM32\ntdll.dll
0x00007ffe64c30000 - 0x00007ffe64cef000 	C:\WINDOWS\System32\KERNEL32.DLL
0x00007ffe63350000 - 0x00007ffe63622000 	C:\WINDOWS\System32\KERNELBASE.dll
0x00007ffe62f90000 - 0x00007ffe63090000 	C:\WINDOWS\System32\ucrtbase.dll
0x00007ffe5c240000 - 0x00007ffe5c259000 	D:\WebStorm 2021.2\jbr\bin\jli.dll
0x00007ffe5bcd0000 - 0x00007ffe5bce7000 	D:\WebStorm 2021.2\jbr\bin\VCRUNTIME140.dll
0x00007ffe65400000 - 0x00007ffe655a1000 	C:\WINDOWS\System32\USER32.dll
0x00007ffe62df0000 - 0x00007ffe62e12000 	C:\WINDOWS\System32\win32u.dll
0x00007ffe454c0000 - 0x00007ffe4575a000 	C:\WINDOWS\WinSxS\amd64_microsoft.windows.common-controls_6595b64144ccf1df_6.0.19041.1110_none_60b5254171f9507e\COMCTL32.dll
0x00007ffe64290000 - 0x00007ffe642bb000 	C:\WINDOWS\System32\GDI32.dll
0x00007ffe63630000 - 0x00007ffe636ce000 	C:\WINDOWS\System32\msvcrt.dll
0x00007ffe62ce0000 - 0x00007ffe62def000 	C:\WINDOWS\System32\gdi32full.dll
0x00007ffe63150000 - 0x00007ffe631ed000 	C:\WINDOWS\System32\msvcp_win.dll
0x00007ffe64b40000 - 0x00007ffe64b72000 	C:\WINDOWS\System32\IMM32.DLL
0x00007ffe37880000 - 0x00007ffe3791d000 	D:\WebStorm 2021.2\jbr\bin\msvcp140.dll
0x00007ffe1fee0000 - 0x00007ffe20a2a000 	D:\WebStorm 2021.2\jbr\bin\server\jvm.dll
0x00007ffe649d0000 - 0x00007ffe64a7e000 	C:\WINDOWS\System32\ADVAPI32.dll
0x00007ffe644f0000 - 0x00007ffe6458c000 	C:\WINDOWS\System32\sechost.dll
0x00007ffe645a0000 - 0x00007ffe646c5000 	C:\WINDOWS\System32\RPCRT4.dll
0x00007ffe64590000 - 0x00007ffe64598000 	C:\WINDOWS\System32\PSAPI.DLL
0x00007ffe56970000 - 0x00007ffe56979000 	C:\WINDOWS\SYSTEM32\WSOCK32.dll
0x00007ffe58f30000 - 0x00007ffe58f57000 	C:\WINDOWS\SYSTEM32\WINMM.dll
0x00007ffe5e3e0000 - 0x00007ffe5e3ea000 	C:\WINDOWS\SYSTEM32\VERSION.dll
0x00007ffe64900000 - 0x00007ffe6496b000 	C:\WINDOWS\System32\WS2_32.dll
0x00007ffe60bc0000 - 0x00007ffe60bd2000 	C:\WINDOWS\SYSTEM32\kernel.appcore.dll
0x00007ffe5e620000 - 0x00007ffe5e631000 	D:\WebStorm 2021.2\jbr\bin\verify.dll
0x00007ffe5cc00000 - 0x00007ffe5cde4000 	C:\WINDOWS\SYSTEM32\DBGHELP.DLL
0x00007ffe5cbc0000 - 0x00007ffe5cbf5000 	C:\WINDOWS\SYSTEM32\dbgcore.DLL
0x00007ffe630c0000 - 0x00007ffe63142000 	C:\WINDOWS\System32\bcryptPrimitives.dll
0x00007ffe5e5f0000 - 0x00007ffe5e619000 	D:\WebStorm 2021.2\jbr\bin\java.dll
0x00007ffe5e5e0000 - 0x00007ffe5e5eb000 	D:\WebStorm 2021.2\jbr\bin\jimage.dll
0x00007ffe5c350000 - 0x00007ffe5c368000 	D:\WebStorm 2021.2\jbr\bin\zip.dll

dbghelp: loaded successfully - version: 4.0.5 - missing functions: none
symbol engine: initialized successfully - sym options: 0x614 - pdb path: .;D:\WebStorm 2021.2\jbr\bin;C:\WINDOWS\SYSTEM32;C:\WINDOWS\WinSxS\amd64_microsoft.windows.common-controls_6595b64144ccf1df_6.0.19041.1110_none_60b5254171f9507e;D:\WebStorm 2021.2\jbr\bin\server

VM Arguments:
java_command: git4idea.http.GitAskPassApp Username for 'https://e.coding.net': 
java_class_path (initial): D:/WebStorm 2021.2/plugins/git4idea/lib/git4idea-rt.jar;D:/WebStorm 2021.2/lib/3rd-party.jar
Launcher Type: SUN_STANDARD

[Global flags]
     intx CICompilerCount                          = 12                                        {product} {ergonomic}
     uint ConcGCThreads                            = 3                                         {product} {ergonomic}
     uint G1ConcRefinementThreads                  = 13                                        {product} {ergonomic}
   size_t G1HeapRegionSize                         = 1048576                                   {product} {ergonomic}
    uintx GCDrainStackTargetSize                   = 64                                        {product} {ergonomic}
   size_t InitialHeapSize                          = 268435456                                 {product} {ergonomic}
   size_t MarkStackSize                            = 4194304                                   {product} {ergonomic}
   size_t MaxHeapSize                              = 4273995776                                {product} {ergonomic}
   size_t MinHeapDeltaBytes                        = 1048576                                   {product} {ergonomic}
    uintx NonNMethodCodeHeapSize                   = 7594288                                {pd product} {ergonomic}
    uintx NonProfiledCodeHeapSize                  = 122031976                              {pd product} {ergonomic}
    uintx ProfiledCodeHeapSize                     = 122031976                              {pd product} {ergonomic}
    uintx ReservedCodeCacheSize                    = 251658240                              {pd product} {ergonomic}
     bool SegmentedCodeCache                       = true                                      {product} {ergonomic}
     bool UseCompressedClassPointers               = true                                 {lp64_product} {ergonomic}
     bool UseCompressedOops                        = true                                 {lp64_product} {ergonomic}
     bool UseG1GC                                  = true                                      {product} {ergonomic}
     bool UseLargePagesIndividualAllocation        = false                                  {pd product} {ergonomic}

Logging:
Log output configuration:
 #0: stdout all=warning uptime,level,tags
 #1: stderr all=off uptime,level,tags

Environment Variables:
PATH=D:/Git/mingw64/libexec/git-core;D:/Git/mingw64/libexec/git-core;D:\Git\mingw64\bin;D:\Git\usr\bin;C:\Users\admin\bin;C:\WINDOWS\system32;C:\WINDOWS;C:\WINDOWS\System32\Wbem;C:\WINDOWS\System32\WindowsPowerShell\v1.0\;C:\WINDOWS\System32\OpenSSH\;D:\Git\cmd;D:\XShell\;D:\Xftp 7\;D:\nodejs\;D:\Tencent\微信web开发者工具\dll;C:\Users\admin\AppData\Local\Microsoft\WindowsApps;C:\Users\admin\AppData\Roaming\npm
USERNAME=admin
DISPLAY=:0.0
LC_ALL=en_US.UTF-8
OS=Windows_NT
PROCESSOR_IDENTIFIER=Intel64 Family 6 Model 165 Stepping 5, GenuineIntel



---------------  S Y S T E M  ---------------

OS: Windows 10 , 64 bit Build 19041 (10.0.19041.2364)
OS uptime: 17 days 13:02 hours

CPU:total 16 (initial active 16) (8 cores per cpu, 2 threads per core) family 6 model 165 stepping 5 microcode 0xe2, cmov, cx8, fxsr, mmx, sse, sse2, sse3, ssse3, sse4.1, sse4.2, popcnt, avx, avx2, aes, clmul, erms, 3dnowpref, lzcnt, ht, tsc, tscinvbit, bmi1, bmi2, adx, fma

Memory: 4k page, system-wide physical 16298M (4961M free)
TotalPageFile size 45224M (AvailPageFile size 47M)
current process WorkingSet (physical memory assigned to process): 10M, peak: 10M
current process commit charge ("private bytes"): 71M, peak: 327M

vm_info: OpenJDK 64-Bit Server VM (11.0.11+9-b1504.13) for windows-amd64 JRE (11.0.11+9-b1504.13), built on Jul 18 2021 03:17:44 by "" with MS VC++ 14.0 (VS2015)

END.
